Case #1: world hello
Case #2: devfest
Case #3: kodu a prednasek networkingu zazitku technologii plny den
Case #4: laborum est id anim mollit deserunt officia qui culpa in sunt proident non cupidatat occaecat sint excepteur pariatur nulla fugiat eu dolore cillum esse velit voluptate in reprehenderit in dolor irure aute duis consequat commodo ea ex aliquip ut nisi laboris ullamco exercitation nostrud quis veniam minim ad enim ut aliqua magna dolore et labore ut incididunt tempor eiusmod do sed elit adipisicing consectetur amet sit dolor ipsum lorem
Case #5: you with be force the may
Case #6: camp band at time one this
Case #7: together room the tied really rug that
Case #8: problem a have we houston
Case #9: back be ll i
Case #10: it about s that that sandwich shrimp burger shrimp potatoes and shrimp salad shrimp stew shrimp soup shrimp shrimp pepper shrimp coconut shrimp lemon shrimp pineapple s there fried stir fried deep fried pan gumbo shrimp creole shrimp kabobs shrimp uh s dey it saute it bake it boil it barbecue can you sea the of fruit the is shrimp sayin was i like anyway
Case #11: thing less one good s that said i and more no money about worry to have t don we saying him from call a got i then so company fruit of kind some in invested me got dan lieutenant
Case #12: luke force the use
Case #13: z y x w v u t s r q p o n m l k j i h g f e d c b a
Case #14: coming is winter
Case #15: hodor
Case #16: night know you like is sunshine without day a
Case #17: go they whenever others go they wherever happiness cause some
Case #18: wrong re you realize you when argument an during moment that than more sucks nothing
Case #19: hand my raise telekinetics in believe who those
Case #20: q p t s r q p t s r q p t s r q p t s r q p t s r q p t s r q p t s r q p t s r q p t s r q p t s r q p t s r q p t s r q p t s r q p t s r q p t s r q p t s r q p t s r q p t s r q p t s r q p t s r q p t s r q p t s r q p h g f e d c b a h g f e d c b a h g f e d c b a h g f e d c b a h g f e d c b a h g f e d c b a h g f e d c b a h g f e d c b a h g f e d c b a h g f e d c b a h g f e d c b a h g f e d c b a h g f e d c b a h g f e d c b a h g f e d c b a h g f e d c b a h g f e d c b a h g f e d c b a h g f e d c b a h g f e d c b a h g f e d c b a h g f e d c b a h g f e d c b a h g f e d c b a h g f e d c b a h g f e d c b a h g f e d c b a h g f e d c b a h g f e d c b a h g f e d c b a h g f e d c b a h g f e d c b a h g f e d c b a h g f e d c b a h g f e d c b a h g f e d c b a h g f e d c b a h g f e d c b a h g f e d c b a h g f e d c b a h g f e d c b a h g f e d c b a h g f e d c b a h g f e d c b a h g f e d c b a h g f e d c b a h g f e d c b a h g f e d c b a
